[0m[[0mdebug[0m] [0mForking tests - parallelism = false[0m
[0m[[0mdebug[0m] [0mCreate a single-thread test executor[0m
[0m[[0mdebug[0m] [0mRunner for sbt.FrameworkWrapper produced 0 initial tasks for 0 tests.[0m
[0m[[0mdebug[0m] [0mRunner for org.scalatest.tools.Framework produced 1 initial tasks for 1 tests.[0m
[0m[[0mdebug[0m] [0m  Running TaskDef(objsets.TweetSetSuite, sbt.ForkMain$SubclassFingerscan@591fb2ba, false, [SuiteSelector])[0m
[0m[[0minfo[0m] [0m[32mTweetSetSuite:[0m[0m
[0m[[0minfo[0m] [0m[32m- filter: on empty set[0m[0m
[0m[[0minfo[0m] [0m[32m- filter: a on set5[0m[0m
[0m[[0minfo[0m] [0m[32m- filter: 20 on set5[0m[0m
[0m[[0minfo[0m] [0m[31m- union: set4c and set4d *** FAILED ***[0m[0m
[0m[[0minfo[0m] [0m[31m  scala.NotImplementedError: an implementation is missing[0m[0m
[0m[[0minfo[0m] [0m[31m  at scala.Predef$.$qmark$qmark$qmark(Predef.scala:225)[0m[0m
[0m[[0minfo[0m] [0m[31m  at objsets.TweetSet.union(TweetSet.scala:60)[0m[0m
[0m[[0minfo[0m] [0m[31m  at objsets.TweetSetSuite$$anonfun$4$$anon$4.<init>(TweetSetSuite.scala:49)[0m[0m
[0m[[0minfo[0m] [0m[31m  at objsets.TweetSetSuite$$anonfun$4.apply(TweetSetSuite.scala:48)[0m[0m
[0m[[0minfo[0m] [0m[31m  at objsets.TweetSetSuite$$anonfun$4.apply(TweetSetSuite.scala:48)[0m[0m
[0m[[0minfo[0m] [0m[31m  at org.scalatest.Transformer$$anonfun$apply$1.apply$mcV$sp(Transformer.scala:22)[0m[0m
[0m[[0minfo[0m] [0m[31m  at org.scalatest.OutcomeOf$class.outcomeOf(OutcomeOf.scala:85)[0m[0m
[0m[[0minfo[0m] [0m[31m  at org.scalatest.OutcomeOf$.outcomeOf(OutcomeOf.scala:104)[0m[0m
[0m[[0minfo[0m] [0m[31m  at org.scalatest.Transformer.apply(Transformer.scala:22)[0m[0m
[0m[[0minfo[0m] [0m[31m  at org.scalatest.Transformer.apply(Transformer.scala:20)[0m[0m
[0m[[0minfo[0m] [0m[31m  ...[0m[0m
[0m[[0minfo[0m] [0m[31m- union: with empty set (1) *** FAILED ***[0m[0m
[0m[[0minfo[0m] [0m[31m  scala.NotImplementedError: an implementation is missing[0m[0m
[0m[[0minfo[0m] [0m[31m  at scala.Predef$.$qmark$qmark$qmark(Predef.scala:225)[0m[0m
[0m[[0minfo[0m] [0m[31m  at objsets.TweetSet.union(TweetSet.scala:60)[0m[0m
[0m[[0minfo[0m] [0m[31m  at objsets.TweetSetSuite$$anonfun$5$$anon$5.<init>(TweetSetSuite.scala:55)[0m[0m
[0m[[0minfo[0m] [0m[31m  at objsets.TweetSetSuite$$anonfun$5.apply(TweetSetSuite.scala:54)[0m[0m
[0m[[0minfo[0m] [0m[31m  at objsets.TweetSetSuite$$anonfun$5.apply(TweetSetSuite.scala:54)[0m[0m
[0m[[0minfo[0m] [0m[31m  at org.scalatest.Transformer$$anonfun$apply$1.apply$mcV$sp(Transformer.scala:22)[0m[0m
[0m[[0minfo[0m] [0m[31m  at org.scalatest.OutcomeOf$class.outcomeOf(OutcomeOf.scala:85)[0m[0m
[0m[[0minfo[0m] [0m[31m  at org.scalatest.OutcomeOf$.outcomeOf(OutcomeOf.scala:104)[0m[0m
[0m[[0minfo[0m] [0m[31m  at org.scalatest.Transformer.apply(Transformer.scala:22)[0m[0m
[0m[[0minfo[0m] [0m[31m  at org.scalatest.Transformer.apply(Transformer.scala:20)[0m[0m
[0m[[0minfo[0m] [0m[31m  ...[0m[0m
[0m[[0minfo[0m] [0m[31m- union: with empty set (2) *** FAILED ***[0m[0m
[0m[[0minfo[0m] [0m[31m  scala.NotImplementedError: an implementation is missing[0m[0m
[0m[[0minfo[0m] [0m[31m  at scala.Predef$.$qmark$qmark$qmark(Predef.scala:225)[0m[0m
[0m[[0minfo[0m] [0m[31m  at objsets.TweetSet.union(TweetSet.scala:60)[0m[0m
[0m[[0minfo[0m] [0m[31m  at objsets.TweetSetSuite$$anonfun$6$$anon$6.<init>(TweetSetSuite.scala:61)[0m[0m
[0m[[0minfo[0m] [0m[31m  at objsets.TweetSetSuite$$anonfun$6.apply(TweetSetSuite.scala:60)[0m[0m
[0m[[0minfo[0m] [0m[31m  at objsets.TweetSetSuite$$anonfun$6.apply(TweetSetSuite.scala:60)[0m[0m
[0m[[0minfo[0m] [0m[31m  at org.scalatest.Transformer$$anonfun$apply$1.apply$mcV$sp(Transformer.scala:22)[0m[0m
[0m[[0minfo[0m] [0m[31m  at org.scalatest.OutcomeOf$class.outcomeOf(OutcomeOf.scala:85)[0m[0m
[0m[[0minfo[0m] [0m[31m  at org.scalatest.OutcomeOf$.outcomeOf(OutcomeOf.scala:104)[0m[0m
[0m[[0minfo[0m] [0m[31m  at org.scalatest.Transformer.apply(Transformer.scala:22)[0m[0m
[0m[[0minfo[0m] [0m[31m  at org.scalatest.Transformer.apply(Transformer.scala:20)[0m[0m
[0m[[0minfo[0m] [0m[31m  ...[0m[0m
[0m[[0minfo[0m] [0m[31m- descending: set5 *** FAILED ***[0m[0m
[0m[[0minfo[0m] [0m[31m  scala.NotImplementedError: an implementation is missing[0m[0m
[0m[[0minfo[0m] [0m[31m  at scala.Predef$.$qmark$qmark$qmark(Predef.scala:225)[0m[0m
[0m[[0minfo[0m] [0m[31m  at objsets.TweetSet.descendingByRetweet(TweetSet.scala:82)[0m[0m
[0m[[0minfo[0m] [0m[31m  at objsets.TweetSetSuite$$anonfun$7$$anon$7.<init>(TweetSetSuite.scala:67)[0m[0m
[0m[[0minfo[0m] [0m[31m  at objsets.TweetSetSuite$$anonfun$7.apply(TweetSetSuite.scala:66)[0m[0m
[0m[[0minfo[0m] [0m[31m  at objsets.TweetSetSuite$$anonfun$7.apply(TweetSetSuite.scala:66)[0m[0m
[0m[[0minfo[0m] [0m[31m  at org.scalatest.Transformer$$anonfun$apply$1.apply$mcV$sp(Transformer.scala:22)[0m[0m
[0m[[0minfo[0m] [0m[31m  at org.scalatest.OutcomeOf$class.outcomeOf(OutcomeOf.scala:85)[0m[0m
[0m[[0minfo[0m] [0m[31m  at org.scalatest.OutcomeOf$.outcomeOf(OutcomeOf.scala:104)[0m[0m
[0m[[0minfo[0m] [0m[31m  at org.scalatest.Transformer.apply(Transformer.scala:22)[0m[0m
[0m[[0minfo[0m] [0m[31m  at org.scalatest.Transformer.apply(Transformer.scala:20)[0m[0m
[0m[[0minfo[0m] [0m[31m  ...[0m[0m
[0m[[0mdebug[0m] [0m    Produced 0 nested tasks and 7 events.[0m
[0m[[0mdebug[0m] [0mSummary for ScalaCheck not available.[0m
[0m[[0minfo[0m] [0mScalaTest[0m
[0m[[0minfo[0m] [0m[36mRun completed in 681 milliseconds.[0m[0m
[0m[[0minfo[0m] [0m[36mTotal number of tests run: 7[0m[0m
[0m[[0minfo[0m] [0m[36mSuites: completed 1, aborted 0[0m[0m
[0m[[0minfo[0m] [0m[36mTests: succeeded 3, failed 4, canceled 0, ignored 0, pending 0[0m[0m
[0m[[0minfo[0m] [0m[31m*** 4 TESTS FAILED ***[0m[0m
[0m[[31merror[0m] [0mFailed: Total 7, Failed 4, Errors 0, Passed 3[0m
[0m[[31merror[0m] [0mFailed tests:[0m
[0m[[31merror[0m] [0m	objsets.TweetSetSuite[0m
[0m[[31merror[0m] [0m(assignment/test:[31mtest[0m) sbt.TestsFailedException: Tests unsuccessful[0m
