[0m[[0mdebug[0m] [0mForking tests - parallelism = false[0m
[0m[[0mdebug[0m] [0mCreate a single-thread test executor[0m
[0m[[0mdebug[0m] [0mRunner for sbt.FrameworkWrapper produced 0 initial tasks for 0 tests.[0m
[0m[[0mdebug[0m] [0mRunner for org.scalatest.tools.Framework produced 1 initial tasks for 1 tests.[0m
[0m[[0mdebug[0m] [0m  Running TaskDef(patmat.HuffmanSuite, sbt.ForkMain$SubclassFingerscan@52a95fa3, false, [SuiteSelector])[0m
[0m[[0minfo[0m] [0m[32mHuffmanSuite:[0m[0m
[0m[[0minfo[0m] [0m[32m- weight of a larger tree[0m[0m
[0m[[0minfo[0m] [0m[32m- chars of a larger tree[0m[0m
[0m[[0minfo[0m] [0m[32m- string2chars("hello, world")[0m[0m
[0m[[0minfo[0m] [0m[32m- times(list of 'hello, world')[0m[0m
[0m[[0minfo[0m] [0m[32m- makeOrderedLeafList for some frequency table[0m[0m
[0m[[0minfo[0m] [0m[31m- combine of some leaf list *** FAILED ***[0m[0m
[0m[[0minfo[0m] [0m[31m  scala.NotImplementedError: an implementation is missing[0m[0m
[0m[[0minfo[0m] [0m[31m  at scala.Predef$.$qmark$qmark$qmark(Predef.scala:225)[0m[0m
[0m[[0minfo[0m] [0m[31m  at patmat.Huffman$.combine(Huffman.scala:133)[0m[0m
[0m[[0minfo[0m] [0m[31m  at patmat.HuffmanSuite$$anonfun$6.apply$mcV$sp(HuffmanSuite.scala:49)[0m[0m
[0m[[0minfo[0m] [0m[31m  at patmat.HuffmanSuite$$anonfun$6.apply(HuffmanSuite.scala:47)[0m[0m
[0m[[0minfo[0m] [0m[31m  at patmat.HuffmanSuite$$anonfun$6.apply(HuffmanSuite.scala:47)[0m[0m
[0m[[0minfo[0m] [0m[31m  at org.scalatest.Transformer$$anonfun$apply$1.apply$mcV$sp(Transformer.scala:22)[0m[0m
[0m[[0minfo[0m] [0m[31m  at org.scalatest.OutcomeOf$class.outcomeOf(OutcomeOf.scala:85)[0m[0m
[0m[[0minfo[0m] [0m[31m  at org.scalatest.OutcomeOf$.outcomeOf(OutcomeOf.scala:104)[0m[0m
[0m[[0minfo[0m] [0m[31m  at org.scalatest.Transformer.apply(Transformer.scala:22)[0m[0m
[0m[[0minfo[0m] [0m[31m  at org.scalatest.Transformer.apply(Transformer.scala:20)[0m[0m
[0m[[0minfo[0m] [0m[31m  ...[0m[0m
[0m[[0minfo[0m] [0m[31m- decode and encode a very short text should be identity *** FAILED ***[0m[0m
[0m[[0minfo[0m] [0m[31m  scala.NotImplementedError: an implementation is missing[0m[0m
[0m[[0minfo[0m] [0m[31m  at scala.Predef$.$qmark$qmark$qmark(Predef.scala:225)[0m[0m
[0m[[0minfo[0m] [0m[31m  at patmat.Huffman$.encode(Huffman.scala:198)[0m[0m
[0m[[0minfo[0m] [0m[31m  at patmat.HuffmanSuite$$anonfun$7$$anon$3.<init>(HuffmanSuite.scala:55)[0m[0m
[0m[[0minfo[0m] [0m[31m  at patmat.HuffmanSuite$$anonfun$7.apply(HuffmanSuite.scala:54)[0m[0m
[0m[[0minfo[0m] [0m[31m  at patmat.HuffmanSuite$$anonfun$7.apply(HuffmanSuite.scala:54)[0m[0m
[0m[[0minfo[0m] [0m[31m  at org.scalatest.Transformer$$anonfun$apply$1.apply$mcV$sp(Transformer.scala:22)[0m[0m
[0m[[0minfo[0m] [0m[31m  at org.scalatest.OutcomeOf$class.outcomeOf(OutcomeOf.scala:85)[0m[0m
[0m[[0minfo[0m] [0m[31m  at org.scalatest.OutcomeOf$.outcomeOf(OutcomeOf.scala:104)[0m[0m
[0m[[0minfo[0m] [0m[31m  at org.scalatest.Transformer.apply(Transformer.scala:22)[0m[0m
[0m[[0minfo[0m] [0m[31m  at org.scalatest.Transformer.apply(Transformer.scala:20)[0m[0m
[0m[[0minfo[0m] [0m[31m  ...[0m[0m
[0m[[0mdebug[0m] [0m    Produced 0 nested tasks and 7 events.[0m
[0m[[0mdebug[0m] [0mSummary for ScalaCheck not available.[0m
[0m[[0minfo[0m] [0mScalaTest[0m
[0m[[0minfo[0m] [0m[36mRun completed in 600 milliseconds.[0m[0m
[0m[[0minfo[0m] [0m[36mTotal number of tests run: 7[0m[0m
[0m[[0minfo[0m] [0m[36mSuites: completed 1, aborted 0[0m[0m
[0m[[0minfo[0m] [0m[36mTests: succeeded 5, failed 2, canceled 0, ignored 0, pending 0[0m[0m
[0m[[0minfo[0m] [0m[31m*** 2 TESTS FAILED ***[0m[0m
[0m[[31merror[0m] [0mFailed: Total 7, Failed 2, Errors 0, Passed 5[0m
[0m[[31merror[0m] [0mFailed tests:[0m
[0m[[31merror[0m] [0m	patmat.HuffmanSuite[0m
[0m[[31merror[0m] [0m(assignment/test:[31mtest[0m) sbt.TestsFailedException: Tests unsuccessful[0m
